{
  "stats": {
    "suites": 1,
    "tests": 1,
    "passes": 0,
    "pending": 0,
    "failures": 1,
    "start": "2022-08-16T12:33:20.409Z",
    "end": "2022-08-16T12:33:21.285Z",
    "duration": 876,
    "testsRegistered": 1,
    "passPercent": 0,
    "pendingPercent": 0,
    "other": 0,
    "hasOther": false,
    "skipped": 0,
    "hasSkipped": false
  },
  "results": [
    {
      "uuid": "9ee387b3-bceb-466f-8178-1e316efb1f3c",
      "title": "",
      "fullFile": "cypress\\Integration\\examples\\SearchProductTest.js",
      "file": "cypress\\Integration\\examples\\SearchProductTest.js",
      "beforeHooks": [],
      "afterHooks": [],
      "tests": [],
      "suites": [
        {
          "uuid": "0ef3651d-d241-4ad3-ae03-c1a5d7ef6653",
          "title": "Searching product",
          "fullFile": "",
          "file": "",
          "beforeHooks": [],
          "afterHooks": [],
          "tests": [
            {
              "title": "search product and add in card",
              "fullTitle": "Searching product search product and add in card",
              "timedOut": null,
              "duration": 824,
              "state": "failed",
              "speed": null,
              "pass": false,
              "fail": true,
              "pending": false,
              "context": null,
              "code": "const homePage = new _HomePage.default();\nconst searchPage = new _SearchPage.default();\nconst detailsPage = new _ProductDetailsPage.default();\nconst cartPage = new _CartPage.default();\nhomePage.launchURL();\nsearchPage.searchProduct(this.data.product);\nsearchPage.selectProduct(this.data.selectedProduct);\nlet unitPrice;\ndetailsPage.getProductPrice().then(function (price) {\n  unitPrice = Number(price.text().trim().replace(/[^0-9\\.]+/g, \"\"));\n  detailsPage.addProductToCart(String(this.data.quantity));\n  detailsPage.navigateToCartPage();\n});\ncartPage.getTotalPrice().then(function (sumPrice) {\n  const totalPrice = Number(sumPrice.text().trim().replace(/[^0-9\\.]+/g, \"\"));\n  expect(totalPrice).equal(this.data.quantity * unitPrice);\n});\n/* detailsPage.getProductPrice().then(function(price){\n      const unitPrice =  Number(price.text().trim().replace(/[^0-9\\.]+/g,\"\"))\n      detailsPage.addProductToCart(String(this.data.quantity))\n      detailsPage.navigateToCartPage()\n      cartPage.getTotalPrice().then(function(sumPrice){\n       const totalPrice = Number(sumPrice.text().trim().replace(/[^0-9\\.]+/g,\"\"))\n       expect(totalPrice).equal(this.data.quantity*unitPrice)\n      })\n }) */",
              "err": {
                "message": "CypressError: `cy.visit()` failed trying to load:\n\nhttps://demo.nopcommerce.com/\n\nWe attempted to make an http request to this URL but the request failed without a response.\n\nWe received this error at the network level:\n\n  > Error: getaddrinfo ENOTFOUND demo.nopcommerce.com\n\nCommon situations why this would fail:\n  - you don't have internet access\n  - you forgot to run / boot your web server\n  - your web server isn't accessible\n  - you have weird network configuration settings on your computer",
                "estack": "CypressError: `cy.visit()` failed trying to load:\n\nhttps://demo.nopcommerce.com/\n\nWe attempted to make an http request to this URL but the request failed without a response.\n\nWe received this error at the network level:\n\n  > Error: getaddrinfo ENOTFOUND demo.nopcommerce.com\n\nCommon situations why this would fail:\n  - you don't have internet access\n  - you forgot to run / boot your web server\n  - your web server isn't accessible\n  - you have weird network configuration settings on your computer\n    at http://localhost:58916/__cypress/runner/cypress_runner.js:156954:82\n    at visitFailedByErr (http://localhost:58916/__cypress/runner/cypress_runner.js:156258:12)\n    at http://localhost:58916/__cypress/runner/cypress_runner.js:156953:11\n    at tryCatcher (http://localhost:58916/__cypress/runner/cypress_runner.js:13012:23)\n    at Promise._settlePromiseFromHandler (http://localhost:58916/__cypress/runner/cypress_runner.js:10947:31)\n    at Promise._settlePromise (http://localhost:58916/__cypress/runner/cypress_runner.js:11004:18)\n    at Promise._settlePromise0 (http://localhost:58916/__cypress/runner/cypress_runner.js:11049:10)\n    at Promise._settlePromises (http://localhost:58916/__cypress/runner/cypress_runner.js:11125:18)\n    at _drainQueueStep (http://localhost:58916/__cypress/runner/cypress_runner.js:7719:12)\n    at _drainQueue (http://localhost:58916/__cypress/runner/cypress_runner.js:7712:9)\n    at Async.../../node_modules/bluebird/js/release/async.js.Async._drainQueues (http://localhost:58916/__cypress/runner/cypress_runner.js:7728:5)\n    at Async.drainQueues (http://localhost:58916/__cypress/runner/cypress_runner.js:7598:14)\nFrom Your Spec Code:\n    at HomePage.launchURL (http://localhost:58916/__cypress/tests?p=cypress\\Integration\\examples\\SearchProductTest.js:192:8)\n    at Context.eval (http://localhost:58916/__cypress/tests?p=cypress\\Integration\\examples\\SearchProductTest.js:120:14)\n\nFrom Node.js Internals:\n  Error: getaddrinfo ENOTFOUND demo.nopcommerce.com\n      at GetAddrInfoReqWrap.onlookup [as oncomplete] (node:dns:71:26)\n  ",
                "diff": null
              },
              "uuid": "02368164-2730-46e2-8001-badc358fb56f",
              "parentUUID": "0ef3651d-d241-4ad3-ae03-c1a5d7ef6653",
              "isHook": false,
              "skipped": false
            }
          ],
          "suites": [],
          "passes": [],
          "failures": [
            "02368164-2730-46e2-8001-badc358fb56f"
          ],
          "pending": [],
          "skipped": [],
          "duration": 824,
          "root": false,
          "rootEmpty": false,
          "_timeout": 2000
        }
      ],
      "passes": [],
      "failures": [],
      "pending": [],
      "skipped": [],
      "duration": 0,
      "root": true,
      "rootEmpty": true,
      "_timeout": 2000
    }
  ],
  "meta": {
    "mocha": {
      "version": "7.0.1"
    },
    "mochawesome": {
      "options": {
        "quiet": false,
        "reportFilename": "mochawesome",
        "saveHtml": true,
        "saveJson": true,
        "consoleReporter": "spec",
        "useInlineDiffs": false,
        "code": true
      },
      "version": "7.1.3"
    },
    "marge": {
      "options": null,
      "version": "6.2.0"
    }
  }
}